

*******************************************************************************
Fri Sep 30 17:25:19 2016


FIT:    data read from FileName u 1:col every ::(startX)
        format = x:z
        #datapoints = 800
        residuals are weighted equally (unit weight)

function used for fitting: f(x)
	f(x) = a*exp(-x/Ta) + b*exp(-x/Tb)
fitted parameters initialized with current variable values

iter      chisq       delta/lim  lambda   a             Ta            b             Tb           
   0 6.2507242593e+04  0.00e+00 3.91e+00  2.000000e+01  2.000000e+01 -1.000000e+01  8.000000e+01
   5 6.6384776600e+03 -2.79e-02 3.91e-03  4.894768e+01  2.393772e+01 -7.081843e+00  9.443963e+01

After 5 iterations the fit converged.
final sum of squares of residuals : 6638.48
rel. change during last iteration : -2.79408e-008

degrees of freedom    (FIT_NDF)                        : 796
rms of residuals      (FIT_STDFIT) = sqrt(WSSR/ndf)    : 2.88787
variance of residuals (reduced chisquare) = WSSR/ndf   : 8.3398

Final set of parameters            Asymptotic Standard Error
=======================            ==========================
a               = 48.9477          +/- 3.519        (7.19%)
Ta              = 23.9377          +/- 2.011        (8.403%)
b               = -7.08184         +/- 4.04         (57.04%)
Tb              = 94.4396          +/- 38.01        (40.24%)

correlation matrix of the fit parameters:
                a      Ta     b      Tb     
a               1.000 
Ta              0.885  1.000 
b              -0.975 -0.960  1.000 
Tb             -0.976 -0.919  0.987  1.000 
